[E 260702 09:43:28 smartWebSocketV2:87] Invalid initialization parameters. Provide valid values for all the tokens.
[E 260702 09:43:33 smartWebSocketV2:87] Invalid initialization parameters. Provide valid values for all the tokens.
[E 260702 09:43:38 smartWebSocketV2:87] Invalid initialization parameters. Provide valid values for all the tokens.
[E 260702 09:44:17 smartWebSocketV2:87] Invalid initialization parameters. Provide valid values for all the tokens.
[E 260702 09:44:22 smartWebSocketV2:87] Invalid initialization parameters. Provide valid values for all the tokens.
[E 260702 09:44:49 smartWebSocketV2:87] Invalid initialization parameters. Provide valid values for all the tokens.
[E 260702 09:44:54 smartWebSocketV2:87] Invalid initialization parameters. Provide valid values for all the tokens.
[E 260702 09:44:59 smartWebSocketV2:87] Invalid initialization parameters. Provide valid values for all the tokens.
[E 260702 09:45:04 smartWebSocketV2:87] Invalid initialization parameters. Provide valid values for all the tokens.
[E 260702 09:45:43 smartWebSocketV2:87] Invalid initialization parameters. Provide valid values for all the tokens.
[E 260702 09:45:48 smartWebSocketV2:87] Invalid initialization parameters. Provide valid values for all the tokens.
[E 260702 09:45:53 smartWebSocketV2:87] Invalid initialization parameters. Provide valid values for all the tokens.
[E 260702 09:45:58 smartWebSocketV2:87] Invalid initialization parameters. Provide valid values for all the tokens.
[E 260702 09:46:03 smartWebSocketV2:87] Invalid initialization parameters. Provide valid values for all the tokens.
[E 260702 09:46:08 smartWebSocketV2:87] Invalid initialization parameters. Provide valid values for all the tokens.
[E 260702 09:46:13 smartWebSocketV2:87] Invalid initialization parameters. Provide valid values for all the tokens.
[E 260702 09:46:18 smartWebSocketV2:87] Invalid initialization parameters. Provide valid values for all the tokens.
[E 260702 09:46:23 smartWebSocketV2:87] Invalid initialization parameters. Provide valid values for all the tokens.
[E 260702 09:46:28 smartWebSocketV2:87] Invalid initialization parameters. Provide valid values for all the tokens.
[E 260702 09:46:33 smartWebSocketV2:87] Invalid initialization parameters. Provide valid values for all the tokens.
[E 260702 09:46:38 smartWebSocketV2:87] Invalid initialization parameters. Provide valid values for all the tokens.
[E 260702 09:46:43 smartWebSocketV2:87] Invalid initialization parameters. Provide valid values for all the tokens.
[E 260702 09:46:48 smartWebSocketV2:87] Invalid initialization parameters. Provide valid values for all the tokens.
[E 260702 09:46:53 smartWebSocketV2:87] Invalid initialization parameters. Provide valid values for all the tokens.
[E 260702 09:46:58 smartWebSocketV2:87] Invalid initialization parameters. Provide valid values for all the tokens.
[E 260702 09:47:03 smartWebSocketV2:87] Invalid initialization parameters. Provide valid values for all the tokens.
[E 260702 09:47:08 smartWebSocketV2:87] Invalid initialization parameters. Provide valid values for all the tokens.
[E 260702 09:47:13 smartWebSocketV2:87] Invalid initialization parameters. Provide valid values for all the tokens.
[E 260702 09:47:18 smartWebSocketV2:87] Invalid initialization parameters. Provide valid values for all the tokens.
[E 260702 09:47:23 smartWebSocketV2:87] Invalid initialization parameters. Provide valid values for all the tokens.
[E 260702 09:47:28 smartWebSocketV2:87] Invalid initialization parameters. Provide valid values for all the tokens.
[E 260702 09:47:33 smartWebSocketV2:87] Invalid initialization parameters. Provide valid values for all the tokens.
[E 260702 09:47:38 smartWebSocketV2:87] Invalid initialization parameters. Provide valid values for all the tokens.
[E 260702 09:47:43 smartWebSocketV2:87] Invalid initialization parameters. Provide valid values for all the tokens.
[E 260702 09:47:48 smartWebSocketV2:87] Invalid initialization parameters. Provide valid values for all the tokens.
[E 260702 09:47:53 smartWebSocketV2:87] Invalid initialization parameters. Provide valid values for all the tokens.
[E 260702 09:47:58 smartWebSocketV2:87] Invalid initialization parameters. Provide valid values for all the tokens.
[E 260702 09:48:03 smartWebSocketV2:87] Invalid initialization parameters. Provide valid values for all the tokens.
[E 260702 09:48:08 smartWebSocketV2:87] Invalid initialization parameters. Provide valid values for all the tokens.
[E 260702 09:48:13 smartWebSocketV2:87] Invalid initialization parameters. Provide valid values for all the tokens.
[E 260702 09:48:18 smartWebSocketV2:87] Invalid initialization parameters. Provide valid values for all the tokens.
[E 260702 09:48:23 smartWebSocketV2:87] Invalid initialization parameters. Provide valid values for all the tokens.
[E 260702 09:48:28 smartWebSocketV2:87] Invalid initialization parameters. Provide valid values for all the tokens.
[E 260702 09:48:33 smartWebSocketV2:87] Invalid initialization parameters. Provide valid values for all the tokens.
[E 260702 09:48:38 smartWebSocketV2:87] Invalid initialization parameters. Provide valid values for all the tokens.
[E 260702 09:48:43 smartWebSocketV2:87] Invalid initialization parameters. Provide valid values for all the tokens.
[E 260702 09:48:48 smartWebSocketV2:87] Invalid initialization parameters. Provide valid values for all the tokens.
[E 260702 09:48:53 smartWebSocketV2:87] Invalid initialization parameters. Provide valid values for all the tokens.
[E 260702 09:48:58 smartWebSocketV2:87] Invalid initialization parameters. Provide valid values for all the tokens.
[E 260702 09:49:03 smartWebSocketV2:87] Invalid initialization parameters. Provide valid values for all the tokens.
[E 260702 09:49:08 smartWebSocketV2:87] Invalid initialization parameters. Provide valid values for all the tokens.
[E 260702 09:49:13 smartWebSocketV2:87] Invalid initialization parameters. Provide valid values for all the tokens.
[E 260702 09:49:18 smartWebSocketV2:87] Invalid initialization parameters. Provide valid values for all the tokens.
[E 260702 09:49:23 smartWebSocketV2:87] Invalid initialization parameters. Provide valid values for all the tokens.
[E 260702 09:49:28 smartWebSocketV2:87] Invalid initialization parameters. Provide valid values for all the tokens.
[E 260702 09:49:33 smartWebSocketV2:87] Invalid initialization parameters. Provide valid values for all the tokens.
[E 260702 09:49:38 smartWebSocketV2:87] Invalid initialization parameters. Provide valid values for all the tokens.
[E 260702 09:49:43 smartWebSocketV2:87] Invalid initialization parameters. Provide valid values for all the tokens.
[E 260702 09:49:48 smartWebSocketV2:87] Invalid initialization parameters. Provide valid values for all the tokens.
[E 260702 09:49:53 smartWebSocketV2:87] Invalid initialization parameters. Provide valid values for all the tokens.
[E 260702 09:49:58 smartWebSocketV2:87] Invalid initialization parameters. Provide valid values for all the tokens.
[E 260702 09:50:03 smartWebSocketV2:87] Invalid initialization parameters. Provide valid values for all the tokens.
[E 260702 09:50:08 smartWebSocketV2:87] Invalid initialization parameters. Provide valid values for all the tokens.
[E 260702 09:50:13 smartWebSocketV2:87] Invalid initialization parameters. Provide valid values for all the tokens.
[E 260702 09:50:18 smartWebSocketV2:87] Invalid initialization parameters. Provide valid values for all the tokens.
[E 260702 09:50:23 smartWebSocketV2:87] Invalid initialization parameters. Provide valid values for all the tokens.
[E 260702 09:50:28 smartWebSocketV2:87] Invalid initialization parameters. Provide valid values for all the tokens.
[E 260702 09:50:33 smartWebSocketV2:87] Invalid initialization parameters. Provide valid values for all the tokens.
[E 260702 09:50:38 smartWebSocketV2:87] Invalid initialization parameters. Provide valid values for all the tokens.
[E 260702 09:50:40 smartWebSocketV2:87] Invalid initialization parameters. Provide valid values for all the tokens.
[E 260702 09:50:43 smartWebSocketV2:87] Invalid initialization parameters. Provide valid values for all the tokens.
[E 260702 09:50:45 smartWebSocketV2:87] Invalid initialization parameters. Provide valid values for all the tokens.
[E 260702 09:50:48 smartWebSocketV2:87] Invalid initialization parameters. Provide valid values for all the tokens.
[E 260702 09:50:53 smartWebSocketV2:87] Invalid initialization parameters. Provide valid values for all the tokens.
[E 260702 09:50:58 smartWebSocketV2:87] Invalid initialization parameters. Provide valid values for all the tokens.
[E 260702 09:51:03 smartWebSocketV2:87] Invalid initialization parameters. Provide valid values for all the tokens.
[E 260702 09:51:08 smartWebSocketV2:87] Invalid initialization parameters. Provide valid values for all the tokens.
[E 260702 09:51:13 smartWebSocketV2:87] Invalid initialization parameters. Provide valid values for all the tokens.
[E 260702 09:51:18 smartWebSocketV2:87] Invalid initialization parameters. Provide valid values for all the tokens.
[E 260702 09:51:23 smartWebSocketV2:87] Invalid initialization parameters. Provide valid values for all the tokens.
[E 260702 09:51:28 smartWebSocketV2:87] Invalid initialization parameters. Provide valid values for all the tokens.
[E 260702 09:51:33 smartWebSocketV2:87] Invalid initialization parameters. Provide valid values for all the tokens.
[E 260702 09:51:38 smartWebSocketV2:87] Invalid initialization parameters. Provide valid values for all the tokens.
[E 260702 09:51:43 smartWebSocketV2:87] Invalid initialization parameters. Provide valid values for all the tokens.
[E 260702 09:51:48 smartWebSocketV2:87] Invalid initialization parameters. Provide valid values for all the tokens.
[E 260702 09:51:53 smartWebSocketV2:87] Invalid initialization parameters. Provide valid values for all the tokens.
[E 260702 09:51:58 smartWebSocketV2:87] Invalid initialization parameters. Provide valid values for all the tokens.
[E 260702 09:52:03 smartWebSocketV2:87] Invalid initialization parameters. Provide valid values for all the tokens.
[E 260702 09:52:08 smartWebSocketV2:87] Invalid initialization parameters. Provide valid values for all the tokens.
[E 260702 09:52:13 smartWebSocketV2:87] Invalid initialization parameters. Provide valid values for all the tokens.
[E 260702 09:52:18 smartWebSocketV2:87] Invalid initialization parameters. Provide valid values for all the tokens.
[E 260702 09:52:23 smartWebSocketV2:87] Invalid initialization parameters. Provide valid values for all the tokens.
[E 260702 09:52:28 smartWebSocketV2:87] Invalid initialization parameters. Provide valid values for all the tokens.
[E 260702 09:52:33 smartWebSocketV2:87] Invalid initialization parameters. Provide valid values for all the tokens.
[E 260702 09:52:38 smartWebSocketV2:87] Invalid initialization parameters. Provide valid values for all the tokens.
[E 260702 09:52:43 smartWebSocketV2:87] Invalid initialization parameters. Provide valid values for all the tokens.
[E 260702 09:52:48 smartWebSocketV2:87] Invalid initialization parameters. Provide valid values for all the tokens.
[E 260702 09:52:53 smartWebSocketV2:87] Invalid initialization parameters. Provide valid values for all the tokens.
[E 260702 09:52:58 smartWebSocketV2:87] Invalid initialization parameters. Provide valid values for all the tokens.
[E 260702 09:53:03 smartWebSocketV2:87] Invalid initialization parameters. Provide valid values for all the tokens.
[E 260702 09:53:08 smartWebSocketV2:87] Invalid initialization parameters. Provide valid values for all the tokens.
[E 260702 09:53:13 smartWebSocketV2:87] Invalid initialization parameters. Provide valid values for all the tokens.
[E 260702 09:53:18 smartWebSocketV2:87] Invalid initialization parameters. Provide valid values for all the tokens.
[E 260702 09:53:23 smartWebSocketV2:87] Invalid initialization parameters. Provide valid values for all the tokens.
[E 260702 09:53:28 smartWebSocketV2:87] Invalid initialization parameters. Provide valid values for all the tokens.
[E 260702 09:53:33 smartWebSocketV2:87] Invalid initialization parameters. Provide valid values for all the tokens.
[E 260702 09:53:38 smartWebSocketV2:87] Invalid initialization parameters. Provide valid values for all the tokens.
[E 260702 09:53:43 smartWebSocketV2:87] Invalid initialization parameters. Provide valid values for all the tokens.
[E 260702 09:53:48 smartWebSocketV2:87] Invalid initialization parameters. Provide valid values for all the tokens.
[E 260702 09:53:53 smartWebSocketV2:87] Invalid initialization parameters. Provide valid values for all the tokens.
[E 260702 09:53:58 smartWebSocketV2:87] Invalid initialization parameters. Provide valid values for all the tokens.
[E 260702 09:54:03 smartWebSocketV2:87] Invalid initialization parameters. Provide valid values for all the tokens.
[E 260702 09:54:08 smartWebSocketV2:87] Invalid initialization parameters. Provide valid values for all the tokens.
[E 260702 09:54:13 smartWebSocketV2:87] Invalid initialization parameters. Provide valid values for all the tokens.
[E 260702 09:54:18 smartWebSocketV2:87] Invalid initialization parameters. Provide valid values for all the tokens.
[E 260702 09:54:23 smartWebSocketV2:87] Invalid initialization parameters. Provide valid values for all the tokens.
[E 260702 09:54:28 smartWebSocketV2:87] Invalid initialization parameters. Provide valid values for all the tokens.
[E 260702 09:54:33 smartWebSocketV2:87] Invalid initialization parameters. Provide valid values for all the tokens.
[E 260702 09:54:38 smartWebSocketV2:87] Invalid initialization parameters. Provide valid values for all the tokens.
[E 260702 09:54:43 smartWebSocketV2:87] Invalid initialization parameters. Provide valid values for all the tokens.
[E 260702 09:54:48 smartWebSocketV2:87] Invalid initialization parameters. Provide valid values for all the tokens.
[E 260702 09:54:53 smartWebSocketV2:87] Invalid initialization parameters. Provide valid values for all the tokens.
[E 260702 09:54:58 smartWebSocketV2:87] Invalid initialization parameters. Provide valid values for all the tokens.
[E 260702 09:55:03 smartWebSocketV2:87] Invalid initialization parameters. Provide valid values for all the tokens.
[E 260702 09:55:08 smartWebSocketV2:87] Invalid initialization parameters. Provide valid values for all the tokens.
[E 260702 09:55:13 smartWebSocketV2:87] Invalid initialization parameters. Provide valid values for all the tokens.
[E 260702 09:55:18 smartWebSocketV2:87] Invalid initialization parameters. Provide valid values for all the tokens.
[E 260702 09:55:23 smartWebSocketV2:87] Invalid initialization parameters. Provide valid values for all the tokens.
[E 260702 09:55:28 smartWebSocketV2:87] Invalid initialization parameters. Provide valid values for all the tokens.
[E 260702 09:55:33 smartWebSocketV2:87] Invalid initialization parameters. Provide valid values for all the tokens.
[E 260702 09:55:38 smartWebSocketV2:87] Invalid initialization parameters. Provide valid values for all the tokens.
[E 260702 09:55:43 smartWebSocketV2:87] Invalid initialization parameters. Provide valid values for all the tokens.
[E 260702 09:55:48 smartWebSocketV2:87] Invalid initialization parameters. Provide valid values for all the tokens.
[E 260702 09:55:53 smartWebSocketV2:87] Invalid initialization parameters. Provide valid values for all the tokens.
[E 260702 09:55:58 smartWebSocketV2:87] Invalid initialization parameters. Provide valid values for all the tokens.
[E 260702 09:56:03 smartWebSocketV2:87] Invalid initialization parameters. Provide valid values for all the tokens.
[E 260702 09:56:08 smartWebSocketV2:87] Invalid initialization parameters. Provide valid values for all the tokens.
[E 260702 09:56:13 smartWebSocketV2:87] Invalid initialization parameters. Provide valid values for all the tokens.
[E 260702 09:56:18 smartWebSocketV2:87] Invalid initialization parameters. Provide valid values for all the tokens.
[E 260702 09:56:23 smartWebSocketV2:87] Invalid initialization parameters. Provide valid values for all the tokens.
[E 260702 09:56:28 smartWebSocketV2:87] Invalid initialization parameters. Provide valid values for all the tokens.
[E 260702 09:56:33 smartWebSocketV2:87] Invalid initialization parameters. Provide valid values for all the tokens.
[E 260702 09:56:38 smartWebSocketV2:87] Invalid initialization parameters. Provide valid values for all the tokens.
[E 260702 09:56:43 smartWebSocketV2:87] Invalid initialization parameters. Provide valid values for all the tokens.
[E 260702 09:56:48 smartWebSocketV2:87] Invalid initialization parameters. Provide valid values for all the tokens.
[E 260702 09:56:53 smartWebSocketV2:87] Invalid initialization parameters. Provide valid values for all the tokens.
[E 260702 09:56:58 smartWebSocketV2:87] Invalid initialization parameters. Provide valid values for all the tokens.
[E 260702 09:57:03 smartWebSocketV2:87] Invalid initialization parameters. Provide valid values for all the tokens.
[E 260702 09:57:08 smartWebSocketV2:87] Invalid initialization parameters. Provide valid values for all the tokens.
[E 260702 09:57:13 smartWebSocketV2:87] Invalid initialization parameters. Provide valid values for all the tokens.
[E 260702 09:57:18 smartWebSocketV2:87] Invalid initialization parameters. Provide valid values for all the tokens.
[E 260702 09:57:23 smartWebSocketV2:87] Invalid initialization parameters. Provide valid values for all the tokens.
[E 260702 09:57:28 smartWebSocketV2:87] Invalid initialization parameters. Provide valid values for all the tokens.
[E 260702 09:57:33 smartWebSocketV2:87] Invalid initialization parameters. Provide valid values for all the tokens.
[E 260702 09:57:38 smartWebSocketV2:87] Invalid initialization parameters. Provide valid values for all the tokens.
[E 260702 09:57:43 smartWebSocketV2:87] Invalid initialization parameters. Provide valid values for all the tokens.
[E 260702 09:57:48 smartWebSocketV2:87] Invalid initialization parameters. Provide valid values for all the tokens.
[E 260702 09:57:53 smartWebSocketV2:87] Invalid initialization parameters. Provide valid values for all the tokens.
[E 260702 09:57:58 smartWebSocketV2:87] Invalid initialization parameters. Provide valid values for all the tokens.
[E 260702 09:58:03 smartWebSocketV2:87] Invalid initialization parameters. Provide valid values for all the tokens.
[E 260702 09:58:08 smartWebSocketV2:87] Invalid initialization parameters. Provide valid values for all the tokens.
[E 260702 09:58:13 smartWebSocketV2:87] Invalid initialization parameters. Provide valid values for all the tokens.
[E 260702 09:58:18 smartWebSocketV2:87] Invalid initialization parameters. Provide valid values for all the tokens.
[E 260702 09:58:23 smartWebSocketV2:87] Invalid initialization parameters. Provide valid values for all the tokens.
[E 260702 09:58:28 smartWebSocketV2:87] Invalid initialization parameters. Provide valid values for all the tokens.
[E 260702 09:58:33 smartWebSocketV2:87] Invalid initialization parameters. Provide valid values for all the tokens.
[E 260702 09:58:38 smartWebSocketV2:87] Invalid initialization parameters. Provide valid values for all the tokens.
[E 260702 09:58:43 smartWebSocketV2:87] Invalid initialization parameters. Provide valid values for all the tokens.
[E 260702 09:58:48 smartWebSocketV2:87] Invalid initialization parameters. Provide valid values for all the tokens.
[E 260702 09:58:54 smartWebSocketV2:87] Invalid initialization parameters. Provide valid values for all the tokens.
[E 260702 09:58:59 smartWebSocketV2:87] Invalid initialization parameters. Provide valid values for all the tokens.
[E 260702 09:59:04 smartWebSocketV2:87] Invalid initialization parameters. Provide valid values for all the tokens.
[E 260702 09:59:09 smartWebSocketV2:87] Invalid initialization parameters. Provide valid values for all the tokens.
[E 260702 09:59:14 smartWebSocketV2:87] Invalid initialization parameters. Provide valid values for all the tokens.
[E 260702 09:59:19 smartWebSocketV2:87] Invalid initialization parameters. Provide valid values for all the tokens.
[E 260702 09:59:24 smartWebSocketV2:87] Invalid initialization parameters. Provide valid values for all the tokens.
[E 260702 09:59:29 smartWebSocketV2:87] Invalid initialization parameters. Provide valid values for all the tokens.
[E 260702 09:59:34 smartWebSocketV2:87] Invalid initialization parameters. Provide valid values for all the tokens.
[E 260702 09:59:39 smartWebSocketV2:87] Invalid initialization parameters. Provide valid values for all the tokens.
[E 260702 09:59:44 smartWebSocketV2:87] Invalid initialization parameters. Provide valid values for all the tokens.
[E 260702 09:59:49 smartWebSocketV2:87] Invalid initialization parameters. Provide valid values for all the tokens.
[E 260702 09:59:54 smartWebSocketV2:87] Invalid initialization parameters. Provide valid values for all the tokens.
[E 260702 09:59:59 smartWebSocketV2:87] Invalid initialization parameters. Provide valid values for all the tokens.
[E 260702 10:00:04 smartWebSocketV2:87] Invalid initialization parameters. Provide valid values for all the tokens.
[E 260702 10:00:09 smartWebSocketV2:87] Invalid initialization parameters. Provide valid values for all the tokens.
[E 260702 10:00:14 smartWebSocketV2:87] Invalid initialization parameters. Provide valid values for all the tokens.
[E 260702 10:00:19 smartWebSocketV2:87] Invalid initialization parameters. Provide valid values for all the tokens.
[E 260702 10:00:24 smartWebSocketV2:87] Invalid initialization parameters. Provide valid values for all the tokens.
[E 260702 10:00:29 smartWebSocketV2:87] Invalid initialization parameters. Provide valid values for all the tokens.
[E 260702 10:00:34 smartWebSocketV2:87] Invalid initialization parameters. Provide valid values for all the tokens.
[E 260702 10:00:39 smartWebSocketV2:87] Invalid initialization parameters. Provide valid values for all the tokens.
[E 260702 10:00:44 smartWebSocketV2:87] Invalid initialization parameters. Provide valid values for all the tokens.
[E 260702 10:00:49 smartWebSocketV2:87] Invalid initialization parameters. Provide valid values for all the tokens.
[E 260702 10:00:54 smartWebSocketV2:87] Invalid initialization parameters. Provide valid values for all the tokens.
[E 260702 10:00:59 smartWebSocketV2:87] Invalid initialization parameters. Provide valid values for all the tokens.
[E 260702 10:01:04 smartWebSocketV2:87] Invalid initialization parameters. Provide valid values for all the tokens.
[E 260702 10:01:09 smartWebSocketV2:87] Invalid initialization parameters. Provide valid values for all the tokens.
[E 260702 10:01:14 smartWebSocketV2:87] Invalid initialization parameters. Provide valid values for all the tokens.
[E 260702 10:01:19 smartWebSocketV2:87] Invalid initialization parameters. Provide valid values for all the tokens.
[E 260702 10:01:24 smartWebSocketV2:87] Invalid initialization parameters. Provide valid values for all the tokens.
[E 260702 10:01:29 smartWebSocketV2:87] Invalid initialization parameters. Provide valid values for all the tokens.
[E 260702 10:01:34 smartWebSocketV2:87] Invalid initialization parameters. Provide valid values for all the tokens.
[E 260702 10:01:39 smartWebSocketV2:87] Invalid initialization parameters. Provide valid values for all the tokens.
[E 260702 10:01:44 smartWebSocketV2:87] Invalid initialization parameters. Provide valid values for all the tokens.
[E 260702 10:01:49 smartWebSocketV2:87] Invalid initialization parameters. Provide valid values for all the tokens.
[E 260702 10:01:54 smartWebSocketV2:87] Invalid initialization parameters. Provide valid values for all the tokens.
[E 260702 10:01:59 smartWebSocketV2:87] Invalid initialization parameters. Provide valid values for all the tokens.
[E 260702 10:02:04 smartWebSocketV2:87] Invalid initialization parameters. Provide valid values for all the tokens.
[E 260702 10:02:09 smartWebSocketV2:87] Invalid initialization parameters. Provide valid values for all the tokens.
[E 260702 10:02:14 smartWebSocketV2:87] Invalid initialization parameters. Provide valid values for all the tokens.
[E 260702 10:02:19 smartWebSocketV2:87] Invalid initialization parameters. Provide valid values for all the tokens.
[E 260702 10:02:24 smartWebSocketV2:87] Invalid initialization parameters. Provide valid values for all the tokens.
[E 260702 10:02:29 smartWebSocketV2:87] Invalid initialization parameters. Provide valid values for all the tokens.
[E 260702 10:02:34 smartWebSocketV2:87] Invalid initialization parameters. Provide valid values for all the tokens.
[E 260702 10:02:39 smartWebSocketV2:87] Invalid initialization parameters. Provide valid values for all the tokens.
[E 260702 10:02:44 smartWebSocketV2:87] Invalid initialization parameters. Provide valid values for all the tokens.
[E 260702 10:02:49 smartWebSocketV2:87] Invalid initialization parameters. Provide valid values for all the tokens.
[E 260702 10:02:54 smartWebSocketV2:87] Invalid initialization parameters. Provide valid values for all the tokens.
[E 260702 10:02:59 smartWebSocketV2:87] Invalid initialization parameters. Provide valid values for all the tokens.
[E 260702 10:03:04 smartWebSocketV2:87] Invalid initialization parameters. Provide valid values for all the tokens.
[E 260702 10:03:09 smartWebSocketV2:87] Invalid initialization parameters. Provide valid values for all the tokens.
[E 260702 10:03:14 smartWebSocketV2:87] Invalid initialization parameters. Provide valid values for all the tokens.
[E 260702 10:03:19 smartWebSocketV2:87] Invalid initialization parameters. Provide valid values for all the tokens.
[E 260702 10:03:24 smartWebSocketV2:87] Invalid initialization parameters. Provide valid values for all the tokens.
[E 260702 10:03:29 smartWebSocketV2:87] Invalid initialization parameters. Provide valid values for all the tokens.
[E 260702 10:03:34 smartWebSocketV2:87] Invalid initialization parameters. Provide valid values for all the tokens.
[E 260702 10:34:11 smartWebSocketV2:87] Invalid initialization parameters. Provide valid values for all the tokens.
[E 260702 10:35:46 smartWebSocketV2:87] Invalid initialization parameters. Provide valid values for all the tokens.
[E 260702 12:15:29 smartConnect:246] Error occurred while making a POST request to https://apiconnect.angelone.in/rest/secure/angelbroking/historical/v1/getCandleData. Error: Too many requests. URL: https://apiconnect.angelone.in/rest/secure/angelbroking/historical/v1/getCandleData, Headers: {'Content-type': 'application/json', 'X-ClientLocalIP': '127.0.0.1', 'X-ClientPublicIP': '106.193.147.98', 'X-MACAddress': 'dd:33:ef:11:35:bb', 'Accept': 'application/json', 'X-PrivateKey': 'G2Tjf9cb', 'X-UserType': 'USER', 'X-SourceID': 'WEB'}, Request: {'exchange': 'BFO', 'symboltoken': '820702', 'interval': 'THREE_MINUTE', 'fromdate': '2026-06-25 12:15', 'todate': '2026-07-02 12:15'}, Response: {'message': 'Too many requests', 'errorcode': 'AB1021', 'status': False, 'data': None}
[W 260702 12:20:20 smartWebSocketV2:318] Attempting to resubscribe/reconnect (Attempt 1)...
[W 260702 12:20:30 smartWebSocketV2:342] Connection closed due to max retry attempts reached.
[W 260702 12:20:30 smartWebSocketV2:342] Connection closed due to max retry attempts reached.
[W 260702 12:20:30 smartWebSocketV2:342] Connection closed due to max retry attempts reached.
[W 260702 12:20:36 smartWebSocketV2:318] Attempting to resubscribe/reconnect (Attempt 1)...
[W 260702 12:20:46 smartWebSocketV2:342] Connection closed due to max retry attempts reached.
[W 260702 12:20:46 smartWebSocketV2:342] Connection closed due to max retry attempts reached.
[W 260702 12:20:46 smartWebSocketV2:342] Connection closed due to max retry attempts reached.
[W 260702 12:20:51 smartWebSocketV2:318] Attempting to resubscribe/reconnect (Attempt 1)...
[W 260702 12:21:01 smartWebSocketV2:342] Connection closed due to max retry attempts reached.
[W 260702 12:21:01 smartWebSocketV2:342] Connection closed due to max retry attempts reached.
[W 260702 12:21:01 smartWebSocketV2:342] Connection closed due to max retry attempts reached.
[W 260702 12:21:10 smartWebSocketV2:318] Attempting to resubscribe/reconnect (Attempt 1)...
[E 260702 12:21:15 smartWebSocketV2:260] Error occurred during unsubscribe: socket is already closed.
[E 260702 12:21:15 smartWebSocketV2:212] Error occurred during subscribe: socket is already closed.
[W 260702 12:21:17 smartWebSocketV2:318] Attempting to resubscribe/reconnect (Attempt 1)...
[W 260702 12:21:20 smartWebSocketV2:342] Connection closed due to max retry attempts reached.
[W 260702 12:21:20 smartWebSocketV2:342] Connection closed due to max retry attempts reached.
[W 260702 12:21:20 smartWebSocketV2:342] Connection closed due to max retry attempts reached.
[W 260702 12:21:27 smartWebSocketV2:318] Attempting to resubscribe/reconnect (Attempt 1)...
[W 260702 12:21:27 smartWebSocketV2:342] Connection closed due to max retry attempts reached.
[W 260702 12:21:27 smartWebSocketV2:342] Connection closed due to max retry attempts reached.
[W 260702 12:21:27 smartWebSocketV2:342] Connection closed due to max retry attempts reached.
[W 260702 12:21:32 smartWebSocketV2:318] Attempting to resubscribe/reconnect (Attempt 1)...
[W 260702 12:21:37 smartWebSocketV2:342] Connection closed due to max retry attempts reached.
[W 260702 12:21:37 smartWebSocketV2:342] Connection closed due to max retry attempts reached.
[W 260702 12:21:37 smartWebSocketV2:342] Connection closed due to max retry attempts reached.
[W 260702 12:21:42 smartWebSocketV2:318] Attempting to resubscribe/reconnect (Attempt 1)...
[W 260702 12:21:42 smartWebSocketV2:342] Connection closed due to max retry attempts reached.
[W 260702 12:21:42 smartWebSocketV2:342] Connection closed due to max retry attempts reached.
[W 260702 12:21:42 smartWebSocketV2:342] Connection closed due to max retry attempts reached.
[W 260702 12:21:48 smartWebSocketV2:318] Attempting to resubscribe/reconnect (Attempt 1)...
[W 260702 12:21:53 smartWebSocketV2:342] Connection closed due to max retry attempts reached.
[W 260702 12:21:53 smartWebSocketV2:342] Connection closed due to max retry attempts reached.
[W 260702 12:21:53 smartWebSocketV2:342] Connection closed due to max retry attempts reached.
[W 260702 12:21:58 smartWebSocketV2:342] Connection closed due to max retry attempts reached.
[W 260702 12:21:58 smartWebSocketV2:342] Connection closed due to max retry attempts reached.
[W 260702 12:21:58 smartWebSocketV2:342] Connection closed due to max retry attempts reached.
